2025-03-30 23:41:52 [main] INFO  c.c.codeforge.CodeForgeApplication - Starting CodeForgeApplication using Java 21.0.6 on LAPTOP-VLB0GC6G with PID 3032 (D:\study_file\CodeForge_backend\target\classes started by Lenovo in D:\study_file\CodeForge_backend)
2025-03-30 23:41:52 [main] INFO  c.c.codeforge.CodeForgeApplication - The following profiles are active: dev
2025-03-30 23:41:53 [background-preinit] WARN  o.s.h.c.j.Jackson2ObjectMapperBuilder - For Jackson Kotlin classes support please add "com.fasterxml.jackson.module:jackson-module-kotlin" to the classpath
2025-03-30 23:41:54 [main] INFO  o.s.d.r.c.RepositoryConfigurationDelegate - Multiple Spring Data modules found, entering strict repository configuration mode!
2025-03-30 23:41:54 [main] INFO  o.s.d.r.c.RepositoryConfigurationDelegate - Bootstrapping Spring Data Redis repositories in DEFAULT mode.
2025-03-30 23:41:54 [main] INFO  o.s.d.r.c.RepositoryConfigurationDelegate - Finished Spring Data repository scanning in 74 ms. Found 0 Redis repository interfaces.
2025-03-30 23:41:54 [main] WARN  o.m.s.mapper.ClassPathMapperScanner - Skipping MapperFactoryBean with name 'activityMapper' and 'com.cetide.codeforge.mapper.ActivityMapper' mapperInterface. Bean already defined with the same name!
2025-03-30 23:41:54 [main] WARN  o.m.s.mapper.ClassPathMapperScanner - Skipping MapperFactoryBean with name 'articleActivityRecordMapper' and 'com.cetide.codeforge.mapper.ArticleActivityRecordMapper' mapperInterface. Bean already defined with the same name!
2025-03-30 23:41:54 [main] WARN  o.m.s.mapper.ClassPathMapperScanner - Skipping MapperFactoryBean with name 'articleMapper' and 'com.cetide.codeforge.mapper.ArticleMapper' mapperInterface. Bean already defined with the same name!
2025-03-30 23:41:54 [main] WARN  o.m.s.mapper.ClassPathMapperScanner - Skipping MapperFactoryBean with name 'categoryMapper' and 'com.cetide.codeforge.mapper.CategoryMapper' mapperInterface. Bean already defined with the same name!
2025-03-30 23:41:54 [main] WARN  o.m.s.mapper.ClassPathMapperScanner - Skipping MapperFactoryBean with name 'chapterMapper' and 'com.cetide.codeforge.mapper.ChapterMapper' mapperInterface. Bean already defined with the same name!
2025-03-30 23:41:54 [main] WARN  o.m.s.mapper.ClassPathMapperScanner - Skipping MapperFactoryBean with name 'commentMapper' and 'com.cetide.codeforge.mapper.CommentMapper' mapperInterface. Bean already defined with the same name!
2025-03-30 23:41:54 [main] WARN  o.m.s.mapper.ClassPathMapperScanner - Skipping MapperFactoryBean with name 'courseCategoryMapper' and 'com.cetide.codeforge.mapper.CourseCategoryMapper' mapperInterface. Bean already defined with the same name!
2025-03-30 23:41:54 [main] WARN  o.m.s.mapper.ClassPathMapperScanner - Skipping MapperFactoryBean with name 'courseMapper' and 'com.cetide.codeforge.mapper.CourseMapper' mapperInterface. Bean already defined with the same name!
2025-03-30 23:41:54 [main] WARN  o.m.s.mapper.ClassPathMapperScanner - Skipping MapperFactoryBean with name 'examMapper' and 'com.cetide.codeforge.mapper.ExamMapper' mapperInterface. Bean already defined with the same name!
2025-03-30 23:41:54 [main] WARN  o.m.s.mapper.ClassPathMapperScanner - Skipping MapperFactoryBean with name 'followerMapper' and 'com.cetide.codeforge.mapper.FollowerMapper' mapperInterface. Bean already defined with the same name!
2025-03-30 23:41:54 [main] WARN  o.m.s.mapper.ClassPathMapperScanner - Skipping MapperFactoryBean with name 'interviewQuestionMapper' and 'com.cetide.codeforge.mapper.InterviewQuestionMapper' mapperInterface. Bean already defined with the same name!
2025-03-30 23:41:54 [main] WARN  o.m.s.mapper.ClassPathMapperScanner - Skipping MapperFactoryBean with name 'interviewQuestionTopicMapper' and 'com.cetide.codeforge.mapper.InterviewQuestionTopicMapper' mapperInterface. Bean already defined with the same name!
2025-03-30 23:41:54 [main] WARN  o.m.s.mapper.ClassPathMapperScanner - Skipping MapperFactoryBean with name 'likeMapper' and 'com.cetide.codeforge.mapper.LikeMapper' mapperInterface. Bean already defined with the same name!
2025-03-30 23:41:54 [main] WARN  o.m.s.mapper.ClassPathMapperScanner - Skipping MapperFactoryBean with name 'notificationMapper' and 'com.cetide.codeforge.mapper.NotificationMapper' mapperInterface. Bean already defined with the same name!
2025-03-30 23:41:54 [main] WARN  o.m.s.mapper.ClassPathMapperScanner - Skipping MapperFactoryBean with name 'passwordHistoryMapper' and 'com.cetide.codeforge.mapper.PasswordHistoryMapper' mapperInterface. Bean already defined with the same name!
2025-03-30 23:41:54 [main] WARN  o.m.s.mapper.ClassPathMapperScanner - Skipping MapperFactoryBean with name 'questionPopularityMapper' and 'com.cetide.codeforge.mapper.QuestionPopularityMapper' mapperInterface. Bean already defined with the same name!
2025-03-30 23:41:54 [main] WARN  o.m.s.mapper.ClassPathMapperScanner - Skipping MapperFactoryBean with name 'readingHistoryMapper' and 'com.cetide.codeforge.mapper.ReadingHistoryMapper' mapperInterface. Bean already defined with the same name!
2025-03-30 23:41:54 [main] WARN  o.m.s.mapper.ClassPathMapperScanner - Skipping MapperFactoryBean with name 'socialLoginMapper' and 'com.cetide.codeforge.mapper.SocialLoginMapper' mapperInterface. Bean already defined with the same name!
2025-03-30 23:41:54 [main] WARN  o.m.s.mapper.ClassPathMapperScanner - Skipping MapperFactoryBean with name 'sqlQuestionMapper' and 'com.cetide.codeforge.mapper.SqlQuestionMapper' mapperInterface. Bean already defined with the same name!
2025-03-30 23:41:54 [main] WARN  o.m.s.mapper.ClassPathMapperScanner - Skipping MapperFactoryBean with name 'tagMapper' and 'com.cetide.codeforge.mapper.TagMapper' mapperInterface. Bean already defined with the same name!
2025-03-30 23:41:54 [main] WARN  o.m.s.mapper.ClassPathMapperScanner - Skipping MapperFactoryBean with name 'userAnswerMapper' and 'com.cetide.codeforge.mapper.UserAnswerMapper' mapperInterface. Bean already defined with the same name!
2025-03-30 23:41:54 [main] WARN  o.m.s.mapper.ClassPathMapperScanner - Skipping MapperFactoryBean with name 'userCourseMapper' and 'com.cetide.codeforge.mapper.UserCourseMapper' mapperInterface. Bean already defined with the same name!
2025-03-30 23:41:54 [main] WARN  o.m.s.mapper.ClassPathMapperScanner - Skipping MapperFactoryBean with name 'userMapper' and 'com.cetide.codeforge.mapper.UserMapper' mapperInterface. Bean already defined with the same name!
2025-03-30 23:41:54 [main] WARN  o.m.s.mapper.ClassPathMapperScanner - Skipping MapperFactoryBean with name 'userMatchesMapper' and 'com.cetide.codeforge.mapper.UserMatchesMapper' mapperInterface. Bean already defined with the same name!
2025-03-30 23:41:54 [main] WARN  o.m.s.mapper.ClassPathMapperScanner - No MyBatis mapper was found in '[com.cetide.codeforge.mapper]' package. Please check your configuration.
2025-03-30 23:41:54 [main] INFO  o.s.c.s.PostProcessorRegistrationDelegate$BeanPostProcessorChecker - Bean 'securityEventConfig' of type [com.cetide.codeforge.common.security.event.SecurityEventConfig$$EnhancerBySpringCGLIB$$87c2d787] is not eligible for getting processed by all BeanPostProcessors (for example: not eligible for auto-proxying)
2025-03-30 23:41:55 [main] INFO  o.s.b.w.e.tomcat.TomcatWebServer - Tomcat initialized with port(s): 8080 (http)
2025-03-30 23:41:55 [main] INFO  o.a.catalina.core.StandardService - Starting service [Tomcat]
2025-03-30 23:41:55 [main] INFO  o.a.catalina.core.StandardEngine - Starting Servlet engine: [Apache Tomcat/9.0.45]
2025-03-30 23:41:55 [main] INFO  o.a.c.c.C.[Tomcat].[localhost].[/] - Initializing Spring embedded WebApplicationContext
2025-03-30 23:41:55 [main] INFO  o.s.b.w.s.c.ServletWebServerApplicationContext - Root WebApplicationContext: initialization completed in 2430 ms
2025-03-30 23:41:58 [main] INFO  com.zaxxer.hikari.HikariDataSource - HikariPool-1 - Starting...
2025-03-30 23:41:59 [main] INFO  com.zaxxer.hikari.HikariDataSource - HikariPool-1 - Start completed.
2025-03-30 23:41:59 [main] WARN  o.s.b.w.s.c.AnnotationConfigServletWebServerApplicationContext - Exception encountered during context initialization - cancelling refresh attempt: org.springframework.beans.factory.BeanCreationException: Error creating bean with name 'commentController': Invocation of init method failed; nested exception is org.springframework.data.redis.RedisConnectionFailureException: Unable to connect to Redis; nested exception is io.lettuce.core.RedisConnectionException: Unable to connect to localhost/<unresolved>:6379
2025-03-30 23:41:59 [main] INFO  com.zaxxer.hikari.HikariDataSource - HikariPool-1 - Shutdown initiated...
2025-03-30 23:41:59 [main] INFO  com.zaxxer.hikari.HikariDataSource - HikariPool-1 - Shutdown completed.
2025-03-30 23:41:59 [main] INFO  o.a.catalina.core.StandardService - Stopping service [Tomcat]
2025-03-30 23:41:59 [main] INFO  o.s.b.a.l.ConditionEvaluationReportLoggingListener - 

Error starting ApplicationContext. To display the conditions report re-run your application with 'debug' enabled.
2025-03-30 23:41:59 [main] ERROR o.s.boot.SpringApplication - Application run failed
org.springframework.beans.factory.BeanCreationException: Error creating bean with name 'commentController': Invocation of init method failed; nested exception is org.springframework.data.redis.RedisConnectionFailureException: Unable to connect to Redis; nested exception is io.lettuce.core.RedisConnectionException: Unable to connect to localhost/<unresolved>:6379
	at org.springframework.beans.factory.annotation.InitDestroyAnnotationBeanPostProcessor.postProcessBeforeInitialization(InitDestroyAnnotationBeanPostProcessor.java:160)
	at org.springframework.beans.factory.support.AbstractAutowireCapableBeanFactory.applyBeanPostProcessorsBeforeInitialization(AbstractAutowireCapableBeanFactory.java:422)
	at org.springframework.beans.factory.support.AbstractAutowireCapableBeanFactory.initializeBean(AbstractAutowireCapableBeanFactory.java:1778)
	at org.springframework.beans.factory.support.AbstractAutowireCapableBeanFactory.doCreateBean(AbstractAutowireCapableBeanFactory.java:602)
	at org.springframework.beans.factory.support.AbstractAutowireCapableBeanFactory.createBean(AbstractAutowireCapableBeanFactory.java:524)
	at org.springframework.beans.factory.support.AbstractBeanFactory.lambda$doGetBean$0(AbstractBeanFactory.java:335)
	at org.springframework.beans.factory.support.DefaultSingletonBeanRegistry.getSingleton(DefaultSingletonBeanRegistry.java:234)
	at org.springframework.beans.factory.support.AbstractBeanFactory.doGetBean(AbstractBeanFactory.java:333)
	at org.springframework.beans.factory.support.AbstractBeanFactory.getBean(AbstractBeanFactory.java:208)
	at org.springframework.beans.factory.support.DefaultListableBeanFactory.preInstantiateSingletons(DefaultListableBeanFactory.java:944)
	at org.springframework.context.support.AbstractApplicationContext.finishBeanFactoryInitialization(AbstractApplicationContext.java:918)
	at org.springframework.context.support.AbstractApplicationContext.refresh(AbstractApplicationContext.java:583)
	at org.springframework.boot.web.servlet.context.ServletWebServerApplicationContext.refresh(ServletWebServerApplicationContext.java:144)
	at org.springframework.boot.SpringApplication.refresh(SpringApplication.java:782)
	at org.springframework.boot.SpringApplication.refresh(SpringApplication.java:774)
	at org.springframework.boot.SpringApplication.refreshContext(SpringApplication.java:439)
	at org.springframework.boot.SpringApplication.run(SpringApplication.java:339)
	at org.springframework.boot.SpringApplication.run(SpringApplication.java:1340)
	at org.springframework.boot.SpringApplication.run(SpringApplication.java:1329)
	at com.cetide.codeforge.CodeForgeApplication.main(CodeForgeApplication.java:16)
Caused by: org.springframework.data.redis.RedisConnectionFailureException: Unable to connect to Redis; nested exception is io.lettuce.core.RedisConnectionException: Unable to connect to localhost/<unresolved>:6379
	at org.springframework.data.redis.connection.lettuce.LettuceConnectionFactory$ExceptionTranslatingConnectionProvider.translateException(LettuceConnectionFactory.java:1553)
	at org.springframework.data.redis.connection.lettuce.LettuceConnectionFactory$ExceptionTranslatingConnectionProvider.getConnection(LettuceConnectionFactory.java:1461)
	at org.springframework.data.redis.connection.lettuce.LettuceConnectionFactory$SharedConnection.getNativeConnection(LettuceConnectionFactory.java:1247)
	at org.springframework.data.redis.connection.lettuce.LettuceConnectionFactory$SharedConnection.getConnection(LettuceConnectionFactory.java:1230)
	at org.springframework.data.redis.connection.lettuce.LettuceConnectionFactory.getSharedConnection(LettuceConnectionFactory.java:979)
	at org.springframework.data.redis.connection.lettuce.LettuceConnectionFactory.getConnection(LettuceConnectionFactory.java:359)
	at org.springframework.data.redis.core.RedisConnectionUtils.fetchConnection(RedisConnectionUtils.java:193)
	at org.springframework.data.redis.core.RedisConnectionUtils.doGetConnection(RedisConnectionUtils.java:144)
	at org.springframework.data.redis.core.RedisConnectionUtils.getConnection(RedisConnectionUtils.java:105)
	at org.springframework.data.redis.core.RedisTemplate.execute(RedisTemplate.java:209)
	at org.springframework.data.redis.core.RedisTemplate.execute(RedisTemplate.java:189)
	at org.springframework.data.redis.core.RedisTemplate.delete(RedisTemplate.java:708)
	at com.cetide.codeforge.util.common.RedisUtils.delete(RedisUtils.java:77)
	at com.cetide.codeforge.service.impl.UserServiceImpl.getUserById(UserServiceImpl.java:363)
	at com.cetide.codeforge.service.impl.UserServiceImpl$$FastClassBySpringCGLIB$$e8cfdf12.invoke(<generated>)
	at org.springframework.cglib.proxy.MethodProxy.invoke(MethodProxy.java:218)
	at org.springframework.aop.framework.CglibAopProxy$DynamicAdvisedInterceptor.intercept(CglibAopProxy.java:688)
	at com.cetide.codeforge.service.impl.UserServiceImpl$$EnhancerBySpringCGLIB$$b1b304ec.getUserById(<generated>)
	at com.cetide.codeforge.controller.CommentController.init(CommentController.java:48)
	at java.base/jdk.internal.reflect.DirectMethodHandleAccessor.invoke(DirectMethodHandleAccessor.java:103)
	at java.base/java.lang.reflect.Method.invoke(Method.java:580)
	at org.springframework.beans.factory.annotation.InitDestroyAnnotationBeanPostProcessor$LifecycleElement.invoke(InitDestroyAnnotationBeanPostProcessor.java:389)
	at org.springframework.beans.factory.annotation.InitDestroyAnnotationBeanPostProcessor$LifecycleMetadata.invokeInitMethods(InitDestroyAnnotationBeanPostProcessor.java:333)
	at org.springframework.beans.factory.annotation.InitDestroyAnnotationBeanPostProcessor.postProcessBeforeInitialization(InitDestroyAnnotationBeanPostProcessor.java:157)
	... 19 common frames omitted
Caused by: io.lettuce.core.RedisConnectionException: Unable to connect to localhost/<unresolved>:6379
	at io.lettuce.core.RedisConnectionException.create(RedisConnectionException.java:78)
	at io.lettuce.core.RedisConnectionException.create(RedisConnectionException.java:56)
	at io.lettuce.core.AbstractRedisClient.getConnection(AbstractRedisClient.java:320)
	at io.lettuce.core.RedisClient.connect(RedisClient.java:211)
	at org.springframework.data.redis.connection.lettuce.StandaloneConnectionProvider.lambda$getConnection$1(StandaloneConnectionProvider.java:115)
	at java.base/java.util.Optional.orElseGet(Optional.java:364)
	at org.springframework.data.redis.connection.lettuce.StandaloneConnectionProvider.getConnection(StandaloneConnectionProvider.java:115)
	at org.springframework.data.redis.connection.lettuce.LettuceConnectionFactory$ExceptionTranslatingConnectionProvider.getConnection(LettuceConnectionFactory.java:1459)
	... 41 common frames omitted
Caused by: io.netty.channel.AbstractChannel$AnnotatedConnectException: Connection refused: getsockopt: localhost/127.0.0.1:6379
Caused by: java.net.ConnectException: Connection refused: getsockopt
	at java.base/sun.nio.ch.Net.pollConnect(Native Method)
	at java.base/sun.nio.ch.Net.pollConnectNow(Net.java:682)
	at java.base/sun.nio.ch.SocketChannelImpl.finishConnect(SocketChannelImpl.java:973)
	at io.netty.channel.socket.nio.NioSocketChannel.doFinishConnect(NioSocketChannel.java:330)
	at io.netty.channel.nio.AbstractNioChannel$AbstractNioUnsafe.finishConnect(AbstractNioChannel.java:334)
	at io.netty.channel.nio.NioEventLoop.processSelectedKey(NioEventLoop.java:707)
	at io.netty.channel.nio.NioEventLoop.processSelectedKeysOptimized(NioEventLoop.java:655)
	at io.netty.channel.nio.NioEventLoop.processSelectedKeys(NioEventLoop.java:581)
	at io.netty.channel.nio.NioEventLoop.run(NioEventLoop.java:493)
	at io.netty.util.concurrent.SingleThreadEventExecutor$4.run(SingleThreadEventExecutor.java:989)
	at io.netty.util.internal.ThreadExecutorMap$2.run(ThreadExecutorMap.java:74)
	at io.netty.util.concurrent.FastThreadLocalRunnable.run(FastThreadLocalRunnable.java:30)
	at java.base/java.lang.Thread.run(Thread.java:1583)
2025-03-30 23:42:10 [main] INFO  c.c.codeforge.CodeForgeApplication - Starting CodeForgeApplication using Java 21.0.6 on LAPTOP-VLB0GC6G with PID 2120 (D:\study_file\CodeForge_backend\target\classes started by Lenovo in D:\study_file\CodeForge_backend)
2025-03-30 23:42:10 [main] INFO  c.c.codeforge.CodeForgeApplication - The following profiles are active: dev
2025-03-30 23:42:11 [background-preinit] WARN  o.s.h.c.j.Jackson2ObjectMapperBuilder - For Jackson Kotlin classes support please add "com.fasterxml.jackson.module:jackson-module-kotlin" to the classpath
2025-03-30 23:42:12 [main] INFO  o.s.d.r.c.RepositoryConfigurationDelegate - Multiple Spring Data modules found, entering strict repository configuration mode!
2025-03-30 23:42:12 [main] INFO  o.s.d.r.c.RepositoryConfigurationDelegate - Bootstrapping Spring Data Redis repositories in DEFAULT mode.
2025-03-30 23:42:12 [main] INFO  o.s.d.r.c.RepositoryConfigurationDelegate - Finished Spring Data repository scanning in 114 ms. Found 0 Redis repository interfaces.
2025-03-30 23:42:12 [main] WARN  o.m.s.mapper.ClassPathMapperScanner - Skipping MapperFactoryBean with name 'activityMapper' and 'com.cetide.codeforge.mapper.ActivityMapper' mapperInterface. Bean already defined with the same name!
2025-03-30 23:42:12 [main] WARN  o.m.s.mapper.ClassPathMapperScanner - Skipping MapperFactoryBean with name 'articleActivityRecordMapper' and 'com.cetide.codeforge.mapper.ArticleActivityRecordMapper' mapperInterface. Bean already defined with the same name!
2025-03-30 23:42:12 [main] WARN  o.m.s.mapper.ClassPathMapperScanner - Skipping MapperFactoryBean with name 'articleMapper' and 'com.cetide.codeforge.mapper.ArticleMapper' mapperInterface. Bean already defined with the same name!
2025-03-30 23:42:12 [main] WARN  o.m.s.mapper.ClassPathMapperScanner - Skipping MapperFactoryBean with name 'categoryMapper' and 'com.cetide.codeforge.mapper.CategoryMapper' mapperInterface. Bean already defined with the same name!
2025-03-30 23:42:12 [main] WARN  o.m.s.mapper.ClassPathMapperScanner - Skipping MapperFactoryBean with name 'chapterMapper' and 'com.cetide.codeforge.mapper.ChapterMapper' mapperInterface. Bean already defined with the same name!
2025-03-30 23:42:12 [main] WARN  o.m.s.mapper.ClassPathMapperScanner - Skipping MapperFactoryBean with name 'commentMapper' and 'com.cetide.codeforge.mapper.CommentMapper' mapperInterface. Bean already defined with the same name!
2025-03-30 23:42:12 [main] WARN  o.m.s.mapper.ClassPathMapperScanner - Skipping MapperFactoryBean with name 'courseCategoryMapper' and 'com.cetide.codeforge.mapper.CourseCategoryMapper' mapperInterface. Bean already defined with the same name!
2025-03-30 23:42:12 [main] WARN  o.m.s.mapper.ClassPathMapperScanner - Skipping MapperFactoryBean with name 'courseMapper' and 'com.cetide.codeforge.mapper.CourseMapper' mapperInterface. Bean already defined with the same name!
2025-03-30 23:42:12 [main] WARN  o.m.s.mapper.ClassPathMapperScanner - Skipping MapperFactoryBean with name 'examMapper' and 'com.cetide.codeforge.mapper.ExamMapper' mapperInterface. Bean already defined with the same name!
2025-03-30 23:42:12 [main] WARN  o.m.s.mapper.ClassPathMapperScanner - Skipping MapperFactoryBean with name 'followerMapper' and 'com.cetide.codeforge.mapper.FollowerMapper' mapperInterface. Bean already defined with the same name!
2025-03-30 23:42:12 [main] WARN  o.m.s.mapper.ClassPathMapperScanner - Skipping MapperFactoryBean with name 'interviewQuestionMapper' and 'com.cetide.codeforge.mapper.InterviewQuestionMapper' mapperInterface. Bean already defined with the same name!
2025-03-30 23:42:12 [main] WARN  o.m.s.mapper.ClassPathMapperScanner - Skipping MapperFactoryBean with name 'interviewQuestionTopicMapper' and 'com.cetide.codeforge.mapper.InterviewQuestionTopicMapper' mapperInterface. Bean already defined with the same name!
2025-03-30 23:42:12 [main] WARN  o.m.s.mapper.ClassPathMapperScanner - Skipping MapperFactoryBean with name 'likeMapper' and 'com.cetide.codeforge.mapper.LikeMapper' mapperInterface. Bean already defined with the same name!
2025-03-30 23:42:12 [main] WARN  o.m.s.mapper.ClassPathMapperScanner - Skipping MapperFactoryBean with name 'notificationMapper' and 'com.cetide.codeforge.mapper.NotificationMapper' mapperInterface. Bean already defined with the same name!
2025-03-30 23:42:12 [main] WARN  o.m.s.mapper.ClassPathMapperScanner - Skipping MapperFactoryBean with name 'passwordHistoryMapper' and 'com.cetide.codeforge.mapper.PasswordHistoryMapper' mapperInterface. Bean already defined with the same name!
2025-03-30 23:42:12 [main] WARN  o.m.s.mapper.ClassPathMapperScanner - Skipping MapperFactoryBean with name 'questionPopularityMapper' and 'com.cetide.codeforge.mapper.QuestionPopularityMapper' mapperInterface. Bean already defined with the same name!
2025-03-30 23:42:12 [main] WARN  o.m.s.mapper.ClassPathMapperScanner - Skipping MapperFactoryBean with name 'readingHistoryMapper' and 'com.cetide.codeforge.mapper.ReadingHistoryMapper' mapperInterface. Bean already defined with the same name!
2025-03-30 23:42:12 [main] WARN  o.m.s.mapper.ClassPathMapperScanner - Skipping MapperFactoryBean with name 'socialLoginMapper' and 'com.cetide.codeforge.mapper.SocialLoginMapper' mapperInterface. Bean already defined with the same name!
2025-03-30 23:42:12 [main] WARN  o.m.s.mapper.ClassPathMapperScanner - Skipping MapperFactoryBean with name 'sqlQuestionMapper' and 'com.cetide.codeforge.mapper.SqlQuestionMapper' mapperInterface. Bean already defined with the same name!
2025-03-30 23:42:12 [main] WARN  o.m.s.mapper.ClassPathMapperScanner - Skipping MapperFactoryBean with name 'tagMapper' and 'com.cetide.codeforge.mapper.TagMapper' mapperInterface. Bean already defined with the same name!
2025-03-30 23:42:12 [main] WARN  o.m.s.mapper.ClassPathMapperScanner - Skipping MapperFactoryBean with name 'userAnswerMapper' and 'com.cetide.codeforge.mapper.UserAnswerMapper' mapperInterface. Bean already defined with the same name!
2025-03-30 23:42:12 [main] WARN  o.m.s.mapper.ClassPathMapperScanner - Skipping MapperFactoryBean with name 'userCourseMapper' and 'com.cetide.codeforge.mapper.UserCourseMapper' mapperInterface. Bean already defined with the same name!
2025-03-30 23:42:12 [main] WARN  o.m.s.mapper.ClassPathMapperScanner - Skipping MapperFactoryBean with name 'userMapper' and 'com.cetide.codeforge.mapper.UserMapper' mapperInterface. Bean already defined with the same name!
2025-03-30 23:42:12 [main] WARN  o.m.s.mapper.ClassPathMapperScanner - Skipping MapperFactoryBean with name 'userMatchesMapper' and 'com.cetide.codeforge.mapper.UserMatchesMapper' mapperInterface. Bean already defined with the same name!
2025-03-30 23:42:12 [main] WARN  o.m.s.mapper.ClassPathMapperScanner - No MyBatis mapper was found in '[com.cetide.codeforge.mapper]' package. Please check your configuration.
2025-03-30 23:42:12 [main] INFO  o.s.c.s.PostProcessorRegistrationDelegate$BeanPostProcessorChecker - Bean 'securityEventConfig' of type [com.cetide.codeforge.common.security.event.SecurityEventConfig$$EnhancerBySpringCGLIB$$5da35d33] is not eligible for getting processed by all BeanPostProcessors (for example: not eligible for auto-proxying)
2025-03-30 23:42:13 [main] INFO  o.s.b.w.e.tomcat.TomcatWebServer - Tomcat initialized with port(s): 8080 (http)
2025-03-30 23:42:13 [main] INFO  o.a.catalina.core.StandardService - Starting service [Tomcat]
2025-03-30 23:42:13 [main] INFO  o.a.catalina.core.StandardEngine - Starting Servlet engine: [Apache Tomcat/9.0.45]
2025-03-30 23:42:13 [main] INFO  o.a.c.c.C.[Tomcat].[localhost].[/] - Initializing Spring embedded WebApplicationContext
2025-03-30 23:42:13 [main] INFO  o.s.b.w.s.c.ServletWebServerApplicationContext - Root WebApplicationContext: initialization completed in 2737 ms
2025-03-30 23:42:16 [main] INFO  com.zaxxer.hikari.HikariDataSource - HikariPool-1 - Starting...
2025-03-30 23:42:17 [main] INFO  com.zaxxer.hikari.HikariDataSource - HikariPool-1 - Start completed.
2025-03-30 23:42:19 [main] INFO  o.s.b.f.a.AutowiredAnnotationBeanPostProcessor - Autowired annotation is not supported on static fields: private static double com.cetide.codeforge.util.algorithm.AlgorithmUtils.randomnessFactor
2025-03-30 23:42:20 [main] INFO  o.s.b.a.e.web.EndpointLinksResolver - Exposing 3 endpoint(s) beneath base path '/actuator'
2025-03-30 23:42:20 [main] INFO  o.s.s.c.ThreadPoolTaskExecutor - Initializing ExecutorService
2025-03-30 23:42:20 [main] INFO  o.s.s.c.ThreadPoolTaskExecutor - Initializing ExecutorService 'taskExecutor'
2025-03-30 23:42:20 [main] INFO  o.s.s.c.ThreadPoolTaskExecutor - Initializing ExecutorService 'threadPoolTaskExecutor'
2025-03-30 23:42:20 [main] INFO  o.s.b.w.e.tomcat.TomcatWebServer - Tomcat started on port(s): 8080 (http) with context path ''
2025-03-30 23:42:21 [main] INFO  c.c.codeforge.CodeForgeApplication - Started CodeForgeApplication in 11.168 seconds (JVM running for 12.044)
2025-03-30 23:42:22 [RMI TCP Connection(3)-192.168.134.1] INFO  o.a.c.c.C.[Tomcat].[localhost].[/] - Initializing Spring DispatcherServlet 'dispatcherServlet'
2025-03-30 23:42:22 [RMI TCP Connection(3)-192.168.134.1] INFO  o.s.web.servlet.DispatcherServlet - Initializing Servlet 'dispatcherServlet'
2025-03-30 23:42:22 [RMI TCP Connection(3)-192.168.134.1] INFO  o.s.web.servlet.DispatcherServlet - Completed initialization in 1 ms
2025-03-30 23:42:46 [http-nio-8080-exec-2] WARN  c.b.m.c.t.support.ReflectLambdaMeta - Unable to make field private final java.lang.Class java.lang.invoke.SerializedLambda.capturingClass accessible: module java.base does not "opens java.lang.invoke" to unnamed module @544fa968
2025-03-30 23:54:36 [SpringContextShutdownHook] INFO  o.s.s.c.ThreadPoolTaskExecutor - Shutting down ExecutorService 'threadPoolTaskExecutor'
2025-03-30 23:54:36 [SpringContextShutdownHook] INFO  o.s.s.c.ThreadPoolTaskExecutor - Shutting down ExecutorService 'taskExecutor'
2025-03-30 23:54:36 [SpringContextShutdownHook] INFO  com.zaxxer.hikari.HikariDataSource - HikariPool-1 - Shutdown initiated...
2025-03-30 23:54:36 [SpringContextShutdownHook] INFO  com.zaxxer.hikari.HikariDataSource - HikariPool-1 - Shutdown completed.
